<?xml version="1.0" encoding="UTF-8"?>
<testsuite xmlns:xsi="http://www.w3.org/2001/XMLSchema-instance" xsi:noNamespaceSchemaLocation="https://maven.apache.org/surefire/maven-surefire-plugin/xsd/surefire-test-report-3.0.xsd" version="3.0" name="TestSuite" time="135.504" tests="7" errors="0" skipped="0" failures="1">
  <properties>
    <property name="java.specification.version" value="14"/>
    <property name="webdriver.chrome.driver" value="C:\Users\Roby\eclipse-workspace\chefhero//src//main//java//resources//chromedriver.exe"/>
    <property name="sun.cpu.isalist" value="amd64"/>
    <property name="sun.jnu.encoding" value="Cp1252"/>
    <property name="java.class.path" value="C:\Users\Roby\eclipse-workspace\chefhero\target\test-classes;C:\Users\Roby\eclipse-workspace\chefhero\target\classes;C:\Users\Roby\.m2\repository\org\apache\maven\plugins\maven-plugin-plugin\3.6.0\maven-plugin-plugin-3.6.0.jar;C:\Users\Roby\.m2\repository\org\apache\maven\maven-compat\3.0\maven-compat-3.0.jar;C:\Users\Roby\.m2\repository\org\apache\maven\maven-model-builder\3.0\maven-model-builder-3.0.jar;C:\Users\Roby\.m2\repository\org\apache\maven\maven-settings\3.0\maven-settings-3.0.jar;C:\Users\Roby\.m2\repository\org\apache\maven\maven-core\3.0\maven-core-3.0.jar;C:\Users\Roby\.m2\repository\org\apache\maven\maven-settings-builder\3.0\maven-settings-builder-3.0.jar;C:\Users\Roby\.m2\repository\org\apache\maven\maven-aether-provider\3.0\maven-aether-provider-3.0.jar;C:\Users\Roby\.m2\repository\org\sonatype\aether\aether-impl\1.7\aether-impl-1.7.jar;C:\Users\Roby\.m2\repository\org\sonatype\aether\aether-spi\1.7\aether-spi-1.7.jar;C:\Users\Roby\.m2\repository\org\sonatype\aether\aether-api\1.7\aether-api-1.7.jar;C:\Users\Roby\.m2\repository\org\sonatype\aether\aether-util\1.7\aether-util-1.7.jar;C:\Users\Roby\.m2\repository\org\sonatype\plexus\plexus-sec-dispatcher\1.3\plexus-sec-dispatcher-1.3.jar;C:\Users\Roby\.m2\repository\org\sonatype\plexus\plexus-cipher\1.4\plexus-cipher-1.4.jar;C:\Users\Roby\.m2\repository\org\codehaus\plexus\plexus-interpolation\1.14\plexus-interpolation-1.14.jar;C:\Users\Roby\.m2\repository\org\sonatype\sisu\sisu-inject-plexus\1.4.2\sisu-inject-plexus-1.4.2.jar;C:\Users\Roby\.m2\repository\org\sonatype\sisu\sisu-inject-bean\1.4.2\sisu-inject-bean-1.4.2.jar;C:\Users\Roby\.m2\repository\org\sonatype\sisu\sisu-guice\2.1.7\sisu-guice-2.1.7-noaop.jar;C:\Users\Roby\.m2\repository\org\codehaus\plexus\plexus-component-annotations\1.5.5\plexus-component-annotations-1.5.5.jar;C:\Users\Roby\.m2\repository\org\apache\maven\wagon\wagon-provider-api\1.0-beta-6\wagon-provider-api-1.0-beta-6.jar;C:\Users\Roby\.m2\repository\org\apache\maven\plugin-tools\maven-plugin-tools-api\3.6.0\maven-plugin-tools-api-3.6.0.jar;C:\Users\Roby\.m2\repository\org\apache\maven\plugin-tools\maven-plugin-tools-generators\3.6.0\maven-plugin-tools-generators-3.6.0.jar;C:\Users\Roby\.m2\repository\org\ow2\asm\asm\7.0\asm-7.0.jar;C:\Users\Roby\.m2\repository\org\ow2\asm\asm-commons\7.0\asm-commons-7.0.jar;C:\Users\Roby\.m2\repository\org\ow2\asm\asm-tree\7.0\asm-tree-7.0.jar;C:\Users\Roby\.m2\repository\org\ow2\asm\asm-analysis\7.0\asm-analysis-7.0.jar;C:\Users\Roby\.m2\repository\net\sf\jtidy\jtidy\r938\jtidy-r938.jar;C:\Users\Roby\.m2\repository\org\apache\maven\plugin-tools\maven-plugin-tools-java\3.6.0\maven-plugin-tools-java-3.6.0.jar;C:\Users\Roby\.m2\repository\com\thoughtworks\qdox\qdox\2.0-M5\qdox-2.0-M5.jar;C:\Users\Roby\.m2\repository\org\apache\maven\plugin-tools\maven-plugin-tools-annotations\3.6.0\maven-plugin-tools-annotations-3.6.0.jar;C:\Users\Roby\.m2\repository\org\codehaus\plexus\plexus-archiver\3.6.0\plexus-archiver-3.6.0.jar;C:\Users\Roby\.m2\repository\org\codehaus\plexus\plexus-io\3.0.1\plexus-io-3.0.1.jar;C:\Users\Roby\.m2\repository\org\apache\commons\commons-compress\1.16.1\commons-compress-1.16.1.jar;C:\Users\Roby\.m2\repository\org\objenesis\objenesis\2.6\objenesis-2.6.jar;C:\Users\Roby\.m2\repository\org\iq80\snappy\snappy\0.4\snappy-0.4.jar;C:\Users\Roby\.m2\repository\org\tukaani\xz\1.8\xz-1.8.jar;C:\Users\Roby\.m2\repository\org\apache\maven\plugin-tools\maven-plugin-annotations\3.6.0\maven-plugin-annotations-3.6.0.jar;C:\Users\Roby\.m2\repository\org\apache\maven\doxia\doxia-sink-api\1.4\doxia-sink-api-1.4.jar;C:\Users\Roby\.m2\repository\org\apache\maven\doxia\doxia-logging-api\1.4\doxia-logging-api-1.4.jar;C:\Users\Roby\.m2\repository\org\apache\maven\doxia\doxia-site-renderer\1.4\doxia-site-renderer-1.4.jar;C:\Users\Roby\.m2\repository\org\apache\maven\doxia\doxia-core\1.4\doxia-core-1.4.jar;C:\Users\Roby\.m2\repository\xerces\xercesImpl\2.9.1\xercesImpl-2.9.1.jar;C:\Users\Roby\.m2\repository\xml-apis\xml-apis\1.3.04\xml-apis-1.3.04.jar;C:\Users\Roby\.m2\repository\org\apache\httpcomponents\httpclient\4.0.2\httpclient-4.0.2.jar;C:\Users\Roby\.m2\repository\commons-codec\commons-codec\1.3\commons-codec-1.3.jar;C:\Users\Roby\.m2\repository\org\apache\httpcomponents\httpcore\4.0.1\httpcore-4.0.1.jar;C:\Users\Roby\.m2\repository\org\apache\maven\doxia\doxia-decoration-model\1.4\doxia-decoration-model-1.4.jar;C:\Users\Roby\.m2\repository\org\apache\maven\doxia\doxia-module-xhtml\1.4\doxia-module-xhtml-1.4.jar;C:\Users\Roby\.m2\repository\org\apache\maven\doxia\doxia-module-fml\1.4\doxia-module-fml-1.4.jar;C:\Users\Roby\.m2\repository\org\codehaus\plexus\plexus-i18n\1.0-beta-7\plexus-i18n-1.0-beta-7.jar;C:\Users\Roby\.m2\repository\org\apache\velocity\velocity-tools\2.0\velocity-tools-2.0.jar;C:\Users\Roby\.m2\repository\commons-beanutils\commons-beanutils\1.7.0\commons-beanutils-1.7.0.jar;C:\Users\Roby\.m2\repository\commons-digester\commons-digester\1.8\commons-digester-1.8.jar;C:\Users\Roby\.m2\repository\commons-chain\commons-chain\1.1\commons-chain-1.1.jar;C:\Users\Roby\.m2\repository\commons-logging\commons-logging\1.1\commons-logging-1.1.jar;C:\Users\Roby\.m2\repository\javax\servlet\servlet-api\2.3\servlet-api-2.3.jar;C:\Users\Roby\.m2\repository\dom4j\dom4j\1.1\dom4j-1.1.jar;C:\Users\Roby\.m2\repository\oro\oro\2.0.8\oro-2.0.8.jar;C:\Users\Roby\.m2\repository\sslext\sslext\1.2-0\sslext-1.2-0.jar;C:\Users\Roby\.m2\repository\org\apache\struts\struts-core\1.3.8\struts-core-1.3.8.jar;C:\Users\Roby\.m2\repository\antlr\antlr\2.7.2\antlr-2.7.2.jar;C:\Users\Roby\.m2\repository\org\apache\struts\struts-taglib\1.3.8\struts-taglib-1.3.8.jar;C:\Users\Roby\.m2\repository\org\apache\struts\struts-tiles\1.3.8\struts-tiles-1.3.8.jar;C:\Users\Roby\.m2\repository\commons-collections\commons-collections\3.2.1\commons-collections-3.2.1.jar;C:\Users\Roby\.m2\repository\org\apache\maven\maven-model\3.0\maven-model-3.0.jar;C:\Users\Roby\.m2\repository\org\apache\maven\maven-repository-metadata\3.0\maven-repository-metadata-3.0.jar;C:\Users\Roby\.m2\repository\org\apache\maven\maven-artifact\3.0\maven-artifact-3.0.jar;C:\Users\Roby\.m2\repository\org\apache\maven\reporting\maven-reporting-impl\2.3\maven-reporting-impl-2.3.jar;C:\Users\Roby\.m2\repository\org\apache\maven\maven-project\2.2.1\maven-project-2.2.1.jar;C:\Users\Roby\.m2\repository\org\apache\maven\maven-profile\2.2.1\maven-profile-2.2.1.jar;C:\Users\Roby\.m2\repository\org\apache\maven\maven-artifact-manager\2.2.1\maven-artifact-manager-2.2.1.jar;C:\Users\Roby\.m2\repository\backport-util-concurrent\backport-util-concurrent\3.1\backport-util-concurrent-3.1.jar;C:\Users\Roby\.m2\repository\org\apache\maven\maven-plugin-registry\2.2.1\maven-plugin-registry-2.2.1.jar;C:\Users\Roby\.m2\repository\org\apache\maven\shared\maven-shared-utils\0.6\maven-shared-utils-0.6.jar;C:\Users\Roby\.m2\repository\commons-validator\commons-validator\1.3.1\commons-validator-1.3.1.jar;C:\Users\Roby\.m2\repository\org\apache\maven\reporting\maven-reporting-api\3.0\maven-reporting-api-3.0.jar;C:\Users\Roby\.m2\repository\org\codehaus\plexus\plexus-utils\3.0.20\plexus-utils-3.0.20.jar;C:\Users\Roby\.m2\repository\org\codehaus\plexus\plexus-velocity\1.1.8\plexus-velocity-1.1.8.jar;C:\Users\Roby\.m2\repository\org\codehaus\plexus\plexus-container-default\1.0-alpha-9-stable-1\plexus-container-default-1.0-alpha-9-stable-1.jar;C:\Users\Roby\.m2\repository\classworlds\classworlds\1.1-alpha-2\classworlds-1.1-alpha-2.jar;C:\Users\Roby\.m2\repository\org\apache\maven\surefire\maven-surefire-common\2.19.1\maven-surefire-common-2.19.1.jar;C:\Users\Roby\.m2\repository\org\apache\maven\surefire\surefire-api\2.19.1\surefire-api-2.19.1.jar;C:\Users\Roby\.m2\repository\org\apache\maven\surefire\surefire-booter\2.19.1\surefire-booter-2.19.1.jar;C:\Users\Roby\.m2\repository\org\apache\maven\maven-plugin-descriptor\2.2.1\maven-plugin-descriptor-2.2.1.jar;C:\Users\Roby\.m2\repository\org\apache\maven\maven-toolchain\2.2.1\maven-toolchain-2.2.1.jar;C:\Users\Roby\.m2\repository\org\apache\commons\commons-lang3\3.1\commons-lang3-3.1.jar;C:\Users\Roby\.m2\repository\org\apache\velocity\velocity\1.7\velocity-1.7.jar;C:\Users\Roby\.m2\repository\commons-lang\commons-lang\2.4\commons-lang-2.4.jar;C:\Users\Roby\.m2\repository\org\apache\maven\maven-plugin-api\3.6.3\maven-plugin-api-3.6.3.jar;C:\Users\Roby\.m2\repository\org\eclipse\sisu\org.eclipse.sisu.plexus\0.3.4\org.eclipse.sisu.plexus-0.3.4.jar;C:\Users\Roby\.m2\repository\javax\enterprise\cdi-api\1.0\cdi-api-1.0.jar;C:\Users\Roby\.m2\repository\javax\annotation\jsr250-api\1.0\jsr250-api-1.0.jar;C:\Users\Roby\.m2\repository\org\eclipse\sisu\org.eclipse.sisu.inject\0.3.4\org.eclipse.sisu.inject-0.3.4.jar;C:\Users\Roby\.m2\repository\org\codehaus\plexus\plexus-classworlds\2.6.0\plexus-classworlds-2.6.0.jar;C:\Users\Roby\.m2\repository\org\seleniumhq\selenium\selenium-java\3.141.59\selenium-java-3.141.59.jar;C:\Users\Roby\.m2\repository\org\seleniumhq\selenium\selenium-api\3.141.59\selenium-api-3.141.59.jar;C:\Users\Roby\.m2\repository\org\seleniumhq\selenium\selenium-chrome-driver\3.141.59\selenium-chrome-driver-3.141.59.jar;C:\Users\Roby\.m2\repository\org\seleniumhq\selenium\selenium-edge-driver\3.141.59\selenium-edge-driver-3.141.59.jar;C:\Users\Roby\.m2\repository\org\seleniumhq\selenium\selenium-firefox-driver\3.141.59\selenium-firefox-driver-3.141.59.jar;C:\Users\Roby\.m2\repository\org\seleniumhq\selenium\selenium-ie-driver\3.141.59\selenium-ie-driver-3.141.59.jar;C:\Users\Roby\.m2\repository\org\seleniumhq\selenium\selenium-opera-driver\3.141.59\selenium-opera-driver-3.141.59.jar;C:\Users\Roby\.m2\repository\org\seleniumhq\selenium\selenium-remote-driver\3.141.59\selenium-remote-driver-3.141.59.jar;C:\Users\Roby\.m2\repository\org\seleniumhq\selenium\selenium-safari-driver\3.141.59\selenium-safari-driver-3.141.59.jar;C:\Users\Roby\.m2\repository\org\seleniumhq\selenium\selenium-support\3.141.59\selenium-support-3.141.59.jar;C:\Users\Roby\.m2\repository\net\bytebuddy\byte-buddy\1.8.15\byte-buddy-1.8.15.jar;C:\Users\Roby\.m2\repository\org\apache\commons\commons-exec\1.3\commons-exec-1.3.jar;C:\Users\Roby\.m2\repository\com\google\guava\guava\25.0-jre\guava-25.0-jre.jar;C:\Users\Roby\.m2\repository\com\google\code\findbugs\jsr305\1.3.9\jsr305-1.3.9.jar;C:\Users\Roby\.m2\repository\org\checkerframework\checker-compat-qual\2.0.0\checker-compat-qual-2.0.0.jar;C:\Users\Roby\.m2\repository\com\google\errorprone\error_prone_annotations\2.1.3\error_prone_annotations-2.1.3.jar;C:\Users\Roby\.m2\repository\com\google\j2objc\j2objc-annotations\1.1\j2objc-annotations-1.1.jar;C:\Users\Roby\.m2\repository\org\codehaus\mojo\animal-sniffer-annotations\1.14\animal-sniffer-annotations-1.14.jar;C:\Users\Roby\.m2\repository\com\squareup\okhttp3\okhttp\3.11.0\okhttp-3.11.0.jar;C:\Users\Roby\.m2\repository\com\squareup\okio\okio\1.14.0\okio-1.14.0.jar;C:\Users\Roby\.m2\repository\org\testng\testng\7.3.0\testng-7.3.0.jar;C:\Users\Roby\.m2\repository\com\beust\jcommander\1.78\jcommander-1.78.jar;C:\Users\Roby\.m2\repository\org\apache\ant\ant\1.10.3\ant-1.10.3.jar;C:\Users\Roby\.m2\repository\org\apache\ant\ant-launcher\1.10.3\ant-launcher-1.10.3.jar;C:\Users\Roby\.m2\repository\com\google\inject\guice\4.2.2\guice-4.2.2-no_aop.jar;C:\Users\Roby\.m2\repository\javax\inject\javax.inject\1\javax.inject-1.jar;C:\Users\Roby\.m2\repository\aopalliance\aopalliance\1.0\aopalliance-1.0.jar;C:\Users\Roby\.m2\repository\org\yaml\snakeyaml\1.21\snakeyaml-1.21.jar;C:\Users\Roby\.m2\repository\org\apache\logging\log4j\log4j-api\2.13.3\log4j-api-2.13.3.jar;C:\Users\Roby\.m2\repository\org\apache\logging\log4j\log4j-core\2.13.3\log4j-core-2.13.3.jar;C:\Users\Roby\.m2\repository\commons-io\commons-io\2.7\commons-io-2.7.jar;C:\Users\Roby\.m2\repository\com\aventstack\extentreports\5.0.3\extentreports-5.0.3.jar;C:\Users\Roby\.m2\repository\io\reactivex\rxjava3\rxjava\3.0.4\rxjava-3.0.4.jar;C:\Users\Roby\.m2\repository\org\reactivestreams\reactive-streams\1.0.3\reactive-streams-1.0.3.jar;C:\Users\Roby\.m2\repository\org\freemarker\freemarker\2.3.30\freemarker-2.3.30.jar;C:\Users\Roby\.m2\repository\org\projectlombok\lombok\1.18.12\lombok-1.18.12.jar;C:\Users\Roby\.m2\repository\com\google\code\gson\gson\2.8.6\gson-2.8.6.jar;C:\Users\Roby\.m2\repository\io\cucumber\cucumber-java\6.5.0\cucumber-java-6.5.0.jar;C:\Users\Roby\.m2\repository\io\cucumber\cucumber-core\6.5.0\cucumber-core-6.5.0.jar;C:\Users\Roby\.m2\repository\io\cucumber\cucumber-gherkin\6.5.0\cucumber-gherkin-6.5.0.jar;C:\Users\Roby\.m2\repository\io\cucumber\cucumber-gherkin-messages\6.5.0\cucumber-gherkin-messages-6.5.0.jar;C:\Users\Roby\.m2\repository\io\cucumber\messages\13.0.1\messages-13.0.1.jar;C:\Users\Roby\.m2\repository\io\cucumber\tag-expressions\3.0.0\tag-expressions-3.0.0.jar;C:\Users\Roby\.m2\repository\io\cucumber\cucumber-expressions\10.3.0\cucumber-expressions-10.3.0.jar;C:\Users\Roby\.m2\repository\io\cucumber\datatable\3.4.0\datatable-3.4.0.jar;C:\Users\Roby\.m2\repository\io\cucumber\cucumber-plugin\6.5.0\cucumber-plugin-6.5.0.jar;C:\Users\Roby\.m2\repository\io\cucumber\docstring\6.5.0\docstring-6.5.0.jar;C:\Users\Roby\.m2\repository\io\cucumber\html-formatter\9.0.0\html-formatter-9.0.0.jar;C:\Users\Roby\.m2\repository\io\cucumber\create-meta\2.0.0\create-meta-2.0.0.jar;C:\Users\Roby\.m2\repository\org\apiguardian\apiguardian-api\1.1.0\apiguardian-api-1.1.0.jar;C:\Users\Roby\.m2\repository\io\cucumber\cucumber-junit\6.5.0\cucumber-junit-6.5.0.jar;C:\Users\Roby\.m2\repository\junit\junit\4.12\junit-4.12.jar;C:\Users\Roby\.m2\repository\org\hamcrest\hamcrest-core\1.3\hamcrest-core-1.3.jar;C:\Users\Roby\.m2\repository\io\cucumber\cucumber-testng\6.5.1\cucumber-testng-6.5.1.jar;"/>
    <property name="java.vm.vendor" value="Oracle Corporation"/>
    <property name="sun.arch.data.model" value="64"/>
    <property name="user.variant" value=""/>
    <property name="java.vendor.url" value="https://java.oracle.com/"/>
    <property name="user.timezone" value="America/Toronto"/>
    <property name="os.name" value="Windows 10"/>
    <property name="java.vm.specification.version" value="14"/>
    <property name="sun.java.launcher" value="SUN_STANDARD"/>
    <property name="user.country" value="CA"/>
    <property name="sun.boot.library.path" value="C:\Program Files\Java\jdk-14\bin"/>
    <property name="sun.java.command" value="C:\Users\Roby\AppData\Local\Temp\surefire4449120366840399681\surefirebooter3166769355208404605.jar C:\Users\Roby\AppData\Local\Temp\surefire4449120366840399681 2020-08-25T15-27-46_400-jvmRun1 surefire7583692012529655481tmp surefire_08104141578237375710tmp"/>
    <property name="jdk.debug" value="release"/>
    <property name="surefire.test.class.path" value="C:\Users\Roby\eclipse-workspace\chefhero\target\test-classes;C:\Users\Roby\eclipse-workspace\chefhero\target\classes;C:\Users\Roby\.m2\repository\org\apache\maven\plugins\maven-plugin-plugin\3.6.0\maven-plugin-plugin-3.6.0.jar;C:\Users\Roby\.m2\repository\org\apache\maven\maven-compat\3.0\maven-compat-3.0.jar;C:\Users\Roby\.m2\repository\org\apache\maven\maven-model-builder\3.0\maven-model-builder-3.0.jar;C:\Users\Roby\.m2\repository\org\apache\maven\maven-settings\3.0\maven-settings-3.0.jar;C:\Users\Roby\.m2\repository\org\apache\maven\maven-core\3.0\maven-core-3.0.jar;C:\Users\Roby\.m2\repository\org\apache\maven\maven-settings-builder\3.0\maven-settings-builder-3.0.jar;C:\Users\Roby\.m2\repository\org\apache\maven\maven-aether-provider\3.0\maven-aether-provider-3.0.jar;C:\Users\Roby\.m2\repository\org\sonatype\aether\aether-impl\1.7\aether-impl-1.7.jar;C:\Users\Roby\.m2\repository\org\sonatype\aether\aether-spi\1.7\aether-spi-1.7.jar;C:\Users\Roby\.m2\repository\org\sonatype\aether\aether-api\1.7\aether-api-1.7.jar;C:\Users\Roby\.m2\repository\org\sonatype\aether\aether-util\1.7\aether-util-1.7.jar;C:\Users\Roby\.m2\repository\org\sonatype\plexus\plexus-sec-dispatcher\1.3\plexus-sec-dispatcher-1.3.jar;C:\Users\Roby\.m2\repository\org\sonatype\plexus\plexus-cipher\1.4\plexus-cipher-1.4.jar;C:\Users\Roby\.m2\repository\org\codehaus\plexus\plexus-interpolation\1.14\plexus-interpolation-1.14.jar;C:\Users\Roby\.m2\repository\org\sonatype\sisu\sisu-inject-plexus\1.4.2\sisu-inject-plexus-1.4.2.jar;C:\Users\Roby\.m2\repository\org\sonatype\sisu\sisu-inject-bean\1.4.2\sisu-inject-bean-1.4.2.jar;C:\Users\Roby\.m2\repository\org\sonatype\sisu\sisu-guice\2.1.7\sisu-guice-2.1.7-noaop.jar;C:\Users\Roby\.m2\repository\org\codehaus\plexus\plexus-component-annotations\1.5.5\plexus-component-annotations-1.5.5.jar;C:\Users\Roby\.m2\repository\org\apache\maven\wagon\wagon-provider-api\1.0-beta-6\wagon-provider-api-1.0-beta-6.jar;C:\Users\Roby\.m2\repository\org\apache\maven\plugin-tools\maven-plugin-tools-api\3.6.0\maven-plugin-tools-api-3.6.0.jar;C:\Users\Roby\.m2\repository\org\apache\maven\plugin-tools\maven-plugin-tools-generators\3.6.0\maven-plugin-tools-generators-3.6.0.jar;C:\Users\Roby\.m2\repository\org\ow2\asm\asm\7.0\asm-7.0.jar;C:\Users\Roby\.m2\repository\org\ow2\asm\asm-commons\7.0\asm-commons-7.0.jar;C:\Users\Roby\.m2\repository\org\ow2\asm\asm-tree\7.0\asm-tree-7.0.jar;C:\Users\Roby\.m2\repository\org\ow2\asm\asm-analysis\7.0\asm-analysis-7.0.jar;C:\Users\Roby\.m2\repository\net\sf\jtidy\jtidy\r938\jtidy-r938.jar;C:\Users\Roby\.m2\repository\org\apache\maven\plugin-tools\maven-plugin-tools-java\3.6.0\maven-plugin-tools-java-3.6.0.jar;C:\Users\Roby\.m2\repository\com\thoughtworks\qdox\qdox\2.0-M5\qdox-2.0-M5.jar;C:\Users\Roby\.m2\repository\org\apache\maven\plugin-tools\maven-plugin-tools-annotations\3.6.0\maven-plugin-tools-annotations-3.6.0.jar;C:\Users\Roby\.m2\repository\org\codehaus\plexus\plexus-archiver\3.6.0\plexus-archiver-3.6.0.jar;C:\Users\Roby\.m2\repository\org\codehaus\plexus\plexus-io\3.0.1\plexus-io-3.0.1.jar;C:\Users\Roby\.m2\repository\org\apache\commons\commons-compress\1.16.1\commons-compress-1.16.1.jar;C:\Users\Roby\.m2\repository\org\objenesis\objenesis\2.6\objenesis-2.6.jar;C:\Users\Roby\.m2\repository\org\iq80\snappy\snappy\0.4\snappy-0.4.jar;C:\Users\Roby\.m2\repository\org\tukaani\xz\1.8\xz-1.8.jar;C:\Users\Roby\.m2\repository\org\apache\maven\plugin-tools\maven-plugin-annotations\3.6.0\maven-plugin-annotations-3.6.0.jar;C:\Users\Roby\.m2\repository\org\apache\maven\doxia\doxia-sink-api\1.4\doxia-sink-api-1.4.jar;C:\Users\Roby\.m2\repository\org\apache\maven\doxia\doxia-logging-api\1.4\doxia-logging-api-1.4.jar;C:\Users\Roby\.m2\repository\org\apache\maven\doxia\doxia-site-renderer\1.4\doxia-site-renderer-1.4.jar;C:\Users\Roby\.m2\repository\org\apache\maven\doxia\doxia-core\1.4\doxia-core-1.4.jar;C:\Users\Roby\.m2\repository\xerces\xercesImpl\2.9.1\xercesImpl-2.9.1.jar;C:\Users\Roby\.m2\repository\xml-apis\xml-apis\1.3.04\xml-apis-1.3.04.jar;C:\Users\Roby\.m2\repository\org\apache\httpcomponents\httpclient\4.0.2\httpclient-4.0.2.jar;C:\Users\Roby\.m2\repository\commons-codec\commons-codec\1.3\commons-codec-1.3.jar;C:\Users\Roby\.m2\repository\org\apache\httpcomponents\httpcore\4.0.1\httpcore-4.0.1.jar;C:\Users\Roby\.m2\repository\org\apache\maven\doxia\doxia-decoration-model\1.4\doxia-decoration-model-1.4.jar;C:\Users\Roby\.m2\repository\org\apache\maven\doxia\doxia-module-xhtml\1.4\doxia-module-xhtml-1.4.jar;C:\Users\Roby\.m2\repository\org\apache\maven\doxia\doxia-module-fml\1.4\doxia-module-fml-1.4.jar;C:\Users\Roby\.m2\repository\org\codehaus\plexus\plexus-i18n\1.0-beta-7\plexus-i18n-1.0-beta-7.jar;C:\Users\Roby\.m2\repository\org\apache\velocity\velocity-tools\2.0\velocity-tools-2.0.jar;C:\Users\Roby\.m2\repository\commons-beanutils\commons-beanutils\1.7.0\commons-beanutils-1.7.0.jar;C:\Users\Roby\.m2\repository\commons-digester\commons-digester\1.8\commons-digester-1.8.jar;C:\Users\Roby\.m2\repository\commons-chain\commons-chain\1.1\commons-chain-1.1.jar;C:\Users\Roby\.m2\repository\commons-logging\commons-logging\1.1\commons-logging-1.1.jar;C:\Users\Roby\.m2\repository\javax\servlet\servlet-api\2.3\servlet-api-2.3.jar;C:\Users\Roby\.m2\repository\dom4j\dom4j\1.1\dom4j-1.1.jar;C:\Users\Roby\.m2\repository\oro\oro\2.0.8\oro-2.0.8.jar;C:\Users\Roby\.m2\repository\sslext\sslext\1.2-0\sslext-1.2-0.jar;C:\Users\Roby\.m2\repository\org\apache\struts\struts-core\1.3.8\struts-core-1.3.8.jar;C:\Users\Roby\.m2\repository\antlr\antlr\2.7.2\antlr-2.7.2.jar;C:\Users\Roby\.m2\repository\org\apache\struts\struts-taglib\1.3.8\struts-taglib-1.3.8.jar;C:\Users\Roby\.m2\repository\org\apache\struts\struts-tiles\1.3.8\struts-tiles-1.3.8.jar;C:\Users\Roby\.m2\repository\commons-collections\commons-collections\3.2.1\commons-collections-3.2.1.jar;C:\Users\Roby\.m2\repository\org\apache\maven\maven-model\3.0\maven-model-3.0.jar;C:\Users\Roby\.m2\repository\org\apache\maven\maven-repository-metadata\3.0\maven-repository-metadata-3.0.jar;C:\Users\Roby\.m2\repository\org\apache\maven\maven-artifact\3.0\maven-artifact-3.0.jar;C:\Users\Roby\.m2\repository\org\apache\maven\reporting\maven-reporting-impl\2.3\maven-reporting-impl-2.3.jar;C:\Users\Roby\.m2\repository\org\apache\maven\maven-project\2.2.1\maven-project-2.2.1.jar;C:\Users\Roby\.m2\repository\org\apache\maven\maven-profile\2.2.1\maven-profile-2.2.1.jar;C:\Users\Roby\.m2\repository\org\apache\maven\maven-artifact-manager\2.2.1\maven-artifact-manager-2.2.1.jar;C:\Users\Roby\.m2\repository\backport-util-concurrent\backport-util-concurrent\3.1\backport-util-concurrent-3.1.jar;C:\Users\Roby\.m2\repository\org\apache\maven\maven-plugin-registry\2.2.1\maven-plugin-registry-2.2.1.jar;C:\Users\Roby\.m2\repository\org\apache\maven\shared\maven-shared-utils\0.6\maven-shared-utils-0.6.jar;C:\Users\Roby\.m2\repository\commons-validator\commons-validator\1.3.1\commons-validator-1.3.1.jar;C:\Users\Roby\.m2\repository\org\apache\maven\reporting\maven-reporting-api\3.0\maven-reporting-api-3.0.jar;C:\Users\Roby\.m2\repository\org\codehaus\plexus\plexus-utils\3.0.20\plexus-utils-3.0.20.jar;C:\Users\Roby\.m2\repository\org\codehaus\plexus\plexus-velocity\1.1.8\plexus-velocity-1.1.8.jar;C:\Users\Roby\.m2\repository\org\codehaus\plexus\plexus-container-default\1.0-alpha-9-stable-1\plexus-container-default-1.0-alpha-9-stable-1.jar;C:\Users\Roby\.m2\repository\classworlds\classworlds\1.1-alpha-2\classworlds-1.1-alpha-2.jar;C:\Users\Roby\.m2\repository\org\apache\maven\surefire\maven-surefire-common\2.19.1\maven-surefire-common-2.19.1.jar;C:\Users\Roby\.m2\repository\org\apache\maven\surefire\surefire-api\2.19.1\surefire-api-2.19.1.jar;C:\Users\Roby\.m2\repository\org\apache\maven\surefire\surefire-booter\2.19.1\surefire-booter-2.19.1.jar;C:\Users\Roby\.m2\repository\org\apache\maven\maven-plugin-descriptor\2.2.1\maven-plugin-descriptor-2.2.1.jar;C:\Users\Roby\.m2\repository\org\apache\maven\maven-toolchain\2.2.1\maven-toolchain-2.2.1.jar;C:\Users\Roby\.m2\repository\org\apache\commons\commons-lang3\3.1\commons-lang3-3.1.jar;C:\Users\Roby\.m2\repository\org\apache\velocity\velocity\1.7\velocity-1.7.jar;C:\Users\Roby\.m2\repository\commons-lang\commons-lang\2.4\commons-lang-2.4.jar;C:\Users\Roby\.m2\repository\org\apache\maven\maven-plugin-api\3.6.3\maven-plugin-api-3.6.3.jar;C:\Users\Roby\.m2\repository\org\eclipse\sisu\org.eclipse.sisu.plexus\0.3.4\org.eclipse.sisu.plexus-0.3.4.jar;C:\Users\Roby\.m2\repository\javax\enterprise\cdi-api\1.0\cdi-api-1.0.jar;C:\Users\Roby\.m2\repository\javax\annotation\jsr250-api\1.0\jsr250-api-1.0.jar;C:\Users\Roby\.m2\repository\org\eclipse\sisu\org.eclipse.sisu.inject\0.3.4\org.eclipse.sisu.inject-0.3.4.jar;C:\Users\Roby\.m2\repository\org\codehaus\plexus\plexus-classworlds\2.6.0\plexus-classworlds-2.6.0.jar;C:\Users\Roby\.m2\repository\org\seleniumhq\selenium\selenium-java\3.141.59\selenium-java-3.141.59.jar;C:\Users\Roby\.m2\repository\org\seleniumhq\selenium\selenium-api\3.141.59\selenium-api-3.141.59.jar;C:\Users\Roby\.m2\repository\org\seleniumhq\selenium\selenium-chrome-driver\3.141.59\selenium-chrome-driver-3.141.59.jar;C:\Users\Roby\.m2\repository\org\seleniumhq\selenium\selenium-edge-driver\3.141.59\selenium-edge-driver-3.141.59.jar;C:\Users\Roby\.m2\repository\org\seleniumhq\selenium\selenium-firefox-driver\3.141.59\selenium-firefox-driver-3.141.59.jar;C:\Users\Roby\.m2\repository\org\seleniumhq\selenium\selenium-ie-driver\3.141.59\selenium-ie-driver-3.141.59.jar;C:\Users\Roby\.m2\repository\org\seleniumhq\selenium\selenium-opera-driver\3.141.59\selenium-opera-driver-3.141.59.jar;C:\Users\Roby\.m2\repository\org\seleniumhq\selenium\selenium-remote-driver\3.141.59\selenium-remote-driver-3.141.59.jar;C:\Users\Roby\.m2\repository\org\seleniumhq\selenium\selenium-safari-driver\3.141.59\selenium-safari-driver-3.141.59.jar;C:\Users\Roby\.m2\repository\org\seleniumhq\selenium\selenium-support\3.141.59\selenium-support-3.141.59.jar;C:\Users\Roby\.m2\repository\net\bytebuddy\byte-buddy\1.8.15\byte-buddy-1.8.15.jar;C:\Users\Roby\.m2\repository\org\apache\commons\commons-exec\1.3\commons-exec-1.3.jar;C:\Users\Roby\.m2\repository\com\google\guava\guava\25.0-jre\guava-25.0-jre.jar;C:\Users\Roby\.m2\repository\com\google\code\findbugs\jsr305\1.3.9\jsr305-1.3.9.jar;C:\Users\Roby\.m2\repository\org\checkerframework\checker-compat-qual\2.0.0\checker-compat-qual-2.0.0.jar;C:\Users\Roby\.m2\repository\com\google\errorprone\error_prone_annotations\2.1.3\error_prone_annotations-2.1.3.jar;C:\Users\Roby\.m2\repository\com\google\j2objc\j2objc-annotations\1.1\j2objc-annotations-1.1.jar;C:\Users\Roby\.m2\repository\org\codehaus\mojo\animal-sniffer-annotations\1.14\animal-sniffer-annotations-1.14.jar;C:\Users\Roby\.m2\repository\com\squareup\okhttp3\okhttp\3.11.0\okhttp-3.11.0.jar;C:\Users\Roby\.m2\repository\com\squareup\okio\okio\1.14.0\okio-1.14.0.jar;C:\Users\Roby\.m2\repository\org\testng\testng\7.3.0\testng-7.3.0.jar;C:\Users\Roby\.m2\repository\com\beust\jcommander\1.78\jcommander-1.78.jar;C:\Users\Roby\.m2\repository\org\apache\ant\ant\1.10.3\ant-1.10.3.jar;C:\Users\Roby\.m2\repository\org\apache\ant\ant-launcher\1.10.3\ant-launcher-1.10.3.jar;C:\Users\Roby\.m2\repository\com\google\inject\guice\4.2.2\guice-4.2.2-no_aop.jar;C:\Users\Roby\.m2\repository\javax\inject\javax.inject\1\javax.inject-1.jar;C:\Users\Roby\.m2\repository\aopalliance\aopalliance\1.0\aopalliance-1.0.jar;C:\Users\Roby\.m2\repository\org\yaml\snakeyaml\1.21\snakeyaml-1.21.jar;C:\Users\Roby\.m2\repository\org\apache\logging\log4j\log4j-api\2.13.3\log4j-api-2.13.3.jar;C:\Users\Roby\.m2\repository\org\apache\logging\log4j\log4j-core\2.13.3\log4j-core-2.13.3.jar;C:\Users\Roby\.m2\repository\commons-io\commons-io\2.7\commons-io-2.7.jar;C:\Users\Roby\.m2\repository\com\aventstack\extentreports\5.0.3\extentreports-5.0.3.jar;C:\Users\Roby\.m2\repository\io\reactivex\rxjava3\rxjava\3.0.4\rxjava-3.0.4.jar;C:\Users\Roby\.m2\repository\org\reactivestreams\reactive-streams\1.0.3\reactive-streams-1.0.3.jar;C:\Users\Roby\.m2\repository\org\freemarker\freemarker\2.3.30\freemarker-2.3.30.jar;C:\Users\Roby\.m2\repository\org\projectlombok\lombok\1.18.12\lombok-1.18.12.jar;C:\Users\Roby\.m2\repository\com\google\code\gson\gson\2.8.6\gson-2.8.6.jar;C:\Users\Roby\.m2\repository\io\cucumber\cucumber-java\6.5.0\cucumber-java-6.5.0.jar;C:\Users\Roby\.m2\repository\io\cucumber\cucumber-core\6.5.0\cucumber-core-6.5.0.jar;C:\Users\Roby\.m2\repository\io\cucumber\cucumber-gherkin\6.5.0\cucumber-gherkin-6.5.0.jar;C:\Users\Roby\.m2\repository\io\cucumber\cucumber-gherkin-messages\6.5.0\cucumber-gherkin-messages-6.5.0.jar;C:\Users\Roby\.m2\repository\io\cucumber\messages\13.0.1\messages-13.0.1.jar;C:\Users\Roby\.m2\repository\io\cucumber\tag-expressions\3.0.0\tag-expressions-3.0.0.jar;C:\Users\Roby\.m2\repository\io\cucumber\cucumber-expressions\10.3.0\cucumber-expressions-10.3.0.jar;C:\Users\Roby\.m2\repository\io\cucumber\datatable\3.4.0\datatable-3.4.0.jar;C:\Users\Roby\.m2\repository\io\cucumber\cucumber-plugin\6.5.0\cucumber-plugin-6.5.0.jar;C:\Users\Roby\.m2\repository\io\cucumber\docstring\6.5.0\docstring-6.5.0.jar;C:\Users\Roby\.m2\repository\io\cucumber\html-formatter\9.0.0\html-formatter-9.0.0.jar;C:\Users\Roby\.m2\repository\io\cucumber\create-meta\2.0.0\create-meta-2.0.0.jar;C:\Users\Roby\.m2\repository\org\apiguardian\apiguardian-api\1.1.0\apiguardian-api-1.1.0.jar;C:\Users\Roby\.m2\repository\io\cucumber\cucumber-junit\6.5.0\cucumber-junit-6.5.0.jar;C:\Users\Roby\.m2\repository\junit\junit\4.12\junit-4.12.jar;C:\Users\Roby\.m2\repository\org\hamcrest\hamcrest-core\1.3\hamcrest-core-1.3.jar;C:\Users\Roby\.m2\repository\io\cucumber\cucumber-testng\6.5.1\cucumber-testng-6.5.1.jar;"/>
    <property name="sun.cpu.endian" value="little"/>
    <property name="user.home" value="C:\Users\Roby"/>
    <property name="user.language" value="en"/>
    <property name="java.specification.vendor" value="Oracle Corporation"/>
    <property name="java.version.date" value="2020-03-17"/>
    <property name="java.home" value="C:\Program Files\Java\jdk-14"/>
    <property name="file.separator" value="\"/>
    <property name="basedir" value="C:\Users\Roby\eclipse-workspace\chefhero"/>
    <property name="java.vm.compressedOopsMode" value="32-bit"/>
    <property name="line.separator" value="&#10;"/>
    <property name="java.vm.specification.vendor" value="Oracle Corporation"/>
    <property name="java.specification.name" value="Java Platform API Specification"/>
    <property name="surefire.real.class.path" value="C:\Users\Roby\AppData\Local\Temp\surefire4449120366840399681\surefirebooter3166769355208404605.jar"/>
    <property name="user.script" value=""/>
    <property name="sun.management.compiler" value="HotSpot 64-Bit Tiered Compilers"/>
    <property name="java.runtime.version" value="14+36-1461"/>
    <property name="user.name" value="Roby"/>
    <property name="path.separator" value=";"/>
    <property name="os.version" value="10.0"/>
    <property name="java.runtime.name" value="Java(TM) SE Runtime Environment"/>
    <property name="file.encoding" value="Cp1252"/>
    <property name="browser" value="chrome"/>
    <property name="java.vm.name" value="Java HotSpot(TM) 64-Bit Server VM"/>
    <property name="localRepository" value="C:\Users\Roby\.m2\repository"/>
    <property name="java.vendor.url.bug" value="https://bugreport.java.com/bugreport/"/>
    <property name="java.io.tmpdir" value="C:\Users\Roby\AppData\Local\Temp\"/>
    <property name="java.version" value="14"/>
    <property name="user.dir" value="C:\Users\Roby\eclipse-workspace\chefhero"/>
    <property name="os.arch" value="amd64"/>
    <property name="java.vm.specification.name" value="Java Virtual Machine Specification"/>
    <property name="sun.os.patch.level" value=""/>
    <property name="java.library.path" value="C:\Program Files\Java\jdk-14\bin;C:\WINDOWS\Sun\Java\bin;C:\WINDOWS\system32;C:\WINDOWS;C:\drivers\apache-maven-3.6.3-bin\apache-maven-3.6.3/bin;C:\Program Files\Java\jdk-14/bin;C:\Program Files\Java\jdk-14/bin;C:\Python38\Scripts\;C:\Python38\;C:\Program Files\Microsoft MPI\Bin\;C:\Program Files (x86)\Common Files\Oracle\Java\javapath;C:\WINDOWS\system32;C:\WINDOWS;C:\WINDOWS\System32\Wbem;C:\WINDOWS\System32\WindowsPowerShell\v1.0\;C:\WINDOWS\System32\OpenSSH\;C:\Program Files\dotnet\;C:\Program Files (x86)\Microsoft SQL Server\140\Tools\Binn\;C:\Program Files\Microsoft SQL Server\140\Tools\Binn\;C:\Program Files (x86)\Microsoft SQL Server\140\DTS\Binn\;C:\Program Files\Microsoft SQL Server\140\DTS\Binn\;C:\Program Files\Microsoft SQL Server\Client SDK\ODBC\130\Tools\Binn\;C:\Program Files (x86)\Bitvise SSH Client;C:\Program Files\Microsoft SQL Server\Client SDK\ODBC\170\Tools\Binn\;C:\Program Files\Java\jdk-14\bin;C:\Users\Roby\AppData\Local\Android\Sdk\platform-tools;C:\Users\Roby\AppData\Local\Android\Sdk\platforms;C:\Program Files\Git\cmd;C:\Program Files\Git\mingw64\bin;C:\Program Files\Git\usr\bin;C:\Program Files\Notepad++;C:\Program Files\Git;C:\drivers\apache-maven-3.6.3-bin\apache-maven-3.6.3\bin;C:\Users\Roby\AppData\Local\Android\Sdk\tools\bin;C:\Users\Roby\AppData\Local\Android\Sdk\tools;C:\Users\Roby\AppData\Local\Android\Sdk\platform-tools;C:\ProgramData\chocolatey\bin;C:\Program Files\nodejs\node_modules\npm\bin;C:\Users\Roby\AppData\Local\Microsoft\WindowsApps;C:\Program Files\MongoDB\Server\4.0\bin;C:\Users\Roby\AppData\Local\Microsoft\WindowsApps;C:\Users\Roby\.dotnet\tools;."/>
    <property name="java.vm.info" value="mixed mode, sharing"/>
    <property name="java.vendor" value="Oracle Corporation"/>
    <property name="java.vm.version" value="14+36-1461"/>
    <property name="sun.io.unicode.encoding" value="UnicodeLittle"/>
    <property name="java.class.version" value="58.0"/>
  </properties>
  <testcase name="validateDropdownCount" classname="UI.chefhero.validateHomepage" time="0.561">
    <system-err><![CDATA[Starting ChromeDriver 83.0.4103.39 (ccbf011cb2d2b19b506d844400483861342c20cd-refs/branch-heads/4103@{#416}) on port 44707
Only local connections are allowed.
Please see https://chromedriver.chromium.org/security-considerations for suggestions on keeping ChromeDriver safe.
ChromeDriver was started successfully.
[1598383675.320][WARNING]: This version of ChromeDriver has not been tested with Chrome version 84.
Aug. 25, 2020 3:27:57 P.M. org.openqa.selenium.remote.ProtocolHandshake createSession
INFO: Detected dialect: W3C
]]></system-err>
  </testcase>
  <testcase name="validateNavBarItems" classname="UI.chefhero.validateHomepage" time="1.728">
    <system-err><![CDATA[Starting ChromeDriver 83.0.4103.39 (ccbf011cb2d2b19b506d844400483861342c20cd-refs/branch-heads/4103@{#416}) on port 33481
Only local connections are allowed.
Please see https://chromedriver.chromium.org/security-considerations for suggestions on keeping ChromeDriver safe.
ChromeDriver was started successfully.
[1598383694.975][WARNING]: This version of ChromeDriver has not been tested with Chrome version 84.
Aug. 25, 2020 3:28:17 P.M. org.openqa.selenium.remote.ProtocolHandshake createSession
INFO: Detected dialect: W3C
]]></system-err>
  </testcase>
  <testcase name="validatelogin[rakeshroby@yahoo.com, tokyorty123@](1)" classname="UI.chefhero.validateLoginPage" time="19.467">
    <system-out><![CDATA[true
Rakesh ROby
]]></system-out>
    <system-err><![CDATA[Starting ChromeDriver 83.0.4103.39 (ccbf011cb2d2b19b506d844400483861342c20cd-refs/branch-heads/4103@{#416}) on port 30924
Only local connections are allowed.
Please see https://chromedriver.chromium.org/security-considerations for suggestions on keeping ChromeDriver safe.
ChromeDriver was started successfully.
[1598383709.444][WARNING]: This version of ChromeDriver has not been tested with Chrome version 84.
Aug. 25, 2020 3:28:31 P.M. org.openqa.selenium.remote.ProtocolHandshake createSession
INFO: Detected dialect: W3C
]]></system-err>
  </testcase>
  <testcase name="validatelogin[robyrakesh1@gmail.com, tokyorty123@](2)" classname="UI.chefhero.validateLoginPage" time="18.869">
    <system-out><![CDATA[true
Ramesh Shetty
]]></system-out>
    <system-err><![CDATA[Starting ChromeDriver 83.0.4103.39 (ccbf011cb2d2b19b506d844400483861342c20cd-refs/branch-heads/4103@{#416}) on port 17421
Only local connections are allowed.
Please see https://chromedriver.chromium.org/security-considerations for suggestions on keeping ChromeDriver safe.
ChromeDriver was started successfully.
[1598383733.146][WARNING]: This version of ChromeDriver has not been tested with Chrome version 84.
Aug. 25, 2020 3:28:55 P.M. org.openqa.selenium.remote.ProtocolHandshake createSession
INFO: Detected dialect: W3C
]]></system-err>
  </testcase>
  <testcase name="validateAndroidReview" classname="UI.chefhero.validateUserReviews" time="4.615">
    <failure message="expected [4] but found [4.7]" type="java.lang.AssertionError"><![CDATA[java.lang.AssertionError: expected [4] but found [4.7]
	at UI.chefhero.validateUserReviews.validateAndroidReview(validateUserReviews.java:68)
]]></failure>
    <system-err><![CDATA[Starting ChromeDriver 83.0.4103.39 (ccbf011cb2d2b19b506d844400483861342c20cd-refs/branch-heads/4103@{#416}) on port 35628
Only local connections are allowed.
Please see https://chromedriver.chromium.org/security-considerations for suggestions on keeping ChromeDriver safe.
ChromeDriver was started successfully.
[1598383756.054][WARNING]: This version of ChromeDriver has not been tested with Chrome version 84.
Aug. 25, 2020 3:29:18 P.M. org.openqa.selenium.remote.ProtocolHandshake createSession
INFO: Detected dialect: W3C
]]></system-err>
  </testcase>
  <testcase name="validateIOSReview" classname="UI.chefhero.validateUserReviews" time="4.176">
    <system-err><![CDATA[Starting ChromeDriver 83.0.4103.39 (ccbf011cb2d2b19b506d844400483861342c20cd-refs/branch-heads/4103@{#416}) on port 31434
Only local connections are allowed.
Please see https://chromedriver.chromium.org/security-considerations for suggestions on keeping ChromeDriver safe.
ChromeDriver was started successfully.
[1598383771.907][WARNING]: This version of ChromeDriver has not been tested with Chrome version 84.
Aug. 25, 2020 3:29:33 P.M. org.openqa.selenium.remote.ProtocolHandshake createSession
INFO: Detected dialect: W3C
]]></system-err>
  </testcase>
  <testcase name="runScenario[&quot;QA Engineer Job posting&apos;s Job Duration&quot;, &quot;Optional[Carrers Page Job Duration Check]&quot;](1)" classname="cucumberOptions.TestRunner" time="16.275">
    <system-err><![CDATA[Aug. 25, 2020 3:29:46 P.M. io.cucumber.testng.TestNGCucumberOptionsProvider warnWhenJUnitCucumberOptionsAreUsed
WARNING: Ignoring options provided by io.cucumber.junit.CucumberOptions on cucumberOptions.TestRunner. It is recommend to use separate runner classes for JUnit and TestNG.
Starting ChromeDriver 83.0.4103.39 (ccbf011cb2d2b19b506d844400483861342c20cd-refs/branch-heads/4103@{#416}) on port 3420
Only local connections are allowed.
Please see https://chromedriver.chromium.org/security-considerations for suggestions on keeping ChromeDriver safe.
ChromeDriver was started successfully.
[1598383788.919][WARNING]: This version of ChromeDriver has not been tested with Chrome version 84.
Aug. 25, 2020 3:29:50 P.M. org.openqa.selenium.remote.ProtocolHandshake createSession
INFO: Detected dialect: W3C
]]></system-err>
  </testcase>
</testsuite>