<?xml version="1.0" encoding="UTF-8"?>
<!-- Generated by org.testng.reporters.JUnitReportReporter -->
<testsuite skipped="0" hostname="DESKTOP-45K6V1V" name="cucumberOptions.TestRunner" tests="1" failures="0" timestamp="2020-08-25T15:24:54 EDT" time="16.676" errors="0">
  <testcase name="runScenario" time="16.676" classname="cucumberOptions.TestRunner"/>
  <system-out/>
</testsuite> <!-- cucumberOptions.TestRunner -->
