<?xml version="1.0" encoding="UTF-8"?>
<!-- Generated by org.testng.reporters.JUnitReportReporter -->
<testsuite skipped="0" hostname="DESKTOP-45K6V1V" name="UI.chefhero.validateLoginPage" tests="2" failures="0" timestamp="2020-08-25T15:24:54 EDT" time="44.734" errors="0">
  <testcase name="validatelogin" time="22.715" classname="UI.chefhero.validateLoginPage"/>
  <system-out/>
  <testcase name="validatelogin" time="22.019" classname="UI.chefhero.validateLoginPage"/>
  <system-out/>
</testsuite> <!-- UI.chefhero.validateLoginPage -->
