<?xml version="1.0" encoding="UTF-8"?>
<!-- Generated by org.testng.reporters.JUnitReportReporter -->
<testsuite skipped="0" hostname="DESKTOP-45K6V1V" name="UI.chefhero.validateHomepage" tests="2" failures="0" timestamp="2020-08-25T15:24:54 EDT" time="35.537" errors="0">
  <testcase name="validateDropdownCount" time="15.856" classname="UI.chefhero.validateHomepage"/>
  <system-out/>
  <testcase name="validateNavBarItems" time="19.681" classname="UI.chefhero.validateHomepage"/>
  <system-out/>
</testsuite> <!-- UI.chefhero.validateHomepage -->
