<?xml version="1.0" encoding="UTF-8"?>
<!-- Generated by org.testng.reporters.JUnitReportReporter -->
<testsuite hostname="DESKTOP-45K6V1V" failures="0" tests="2" name="UI.chefhero.validateHomepage" time="35.831" errors="0" timestamp="2020-08-25T15:30:05 EDT" skipped="0">
  <testcase classname="UI.chefhero.validateHomepage" name="validateDropdownCount" time="18.194"/>
  <system-out/>
  <testcase classname="UI.chefhero.validateHomepage" name="validateNavBarItems" time="17.637"/>
  <system-out/>
</testsuite> <!-- UI.chefhero.validateHomepage -->
