<?xml version="1.0" encoding="UTF-8"?>
<!-- Generated by org.testng.reporters.JUnitReportReporter -->
<testsuite hostname="DESKTOP-45K6V1V" failures="0" tests="2" name="UI.chefhero.validateLoginPage" time="46.992" errors="0" timestamp="2020-08-25T15:30:05 EDT" skipped="0">
  <testcase classname="UI.chefhero.validateLoginPage" name="validatelogin" time="24.020"/>
  <system-out/>
  <testcase classname="UI.chefhero.validateLoginPage" name="validatelogin" time="22.972"/>
  <system-out/>
</testsuite> <!-- UI.chefhero.validateLoginPage -->
