<?xml version="1.0" encoding="UTF-8"?>
<!-- Generated by org.testng.reporters.JUnitReportReporter -->
<testsuite hostname="DESKTOP-45K6V1V" failures="0" tests="1" name="cucumberOptions.TestRunner" time="16.263" errors="0" timestamp="2020-08-25T15:30:05 EDT" skipped="0">
  <testcase classname="cucumberOptions.TestRunner" name="runScenario" time="16.263"/>
  <system-out/>
</testsuite> <!-- cucumberOptions.TestRunner -->
